<?xml version="1.0" encoding="UTF-8"?>
<coverage generated="1606420700363" clover="3.2.0">
  <project timestamp="1606420700364" name="All files">
    <metrics statements="63" coveredstatements="62" conditionals="20" coveredconditionals="18" methods="23" coveredmethods="22" elements="106" coveredelements="102" complexity="0" loc="63" ncloc="63" packages="2" files="6" classes="6"/>
    <package name="src">
      <metrics statements="28" coveredstatements="28" conditionals="12" coveredconditionals="12" methods="9" coveredmethods="9"/>
      <file name="Service.ts" path="/Users/ali/Desktop/autofiy/libs/autofiy-service/src/Service.ts">
        <metrics statements="5" coveredstatements="5" conditionals="0" coveredconditionals="0" methods="3" coveredmethods="3"/>
        <line num="10" count="2" type="stmt"/>
        <line num="15" count="5" type="stmt"/>
        <line num="18" count="2" type="stmt"/>
        <line num="19" count="1" type="stmt"/>
        <line num="22" count="2" type="stmt"/>
      </file>
      <file name="ServiceDefault.ts" path="/Users/ali/Desktop/autofiy/libs/autofiy-service/src/ServiceDefault.ts">
        <metrics statements="9" coveredstatements="9" conditionals="2" coveredconditionals="2" methods="3" coveredmethods="3"/>
        <line num="5" count="3" type="stmt"/>
        <line num="10" count="6" type="stmt"/>
        <line num="13" count="3" type="stmt"/>
        <line num="14" count="6" type="stmt"/>
        <line num="15" count="6" type="stmt"/>
        <line num="17" count="6" type="cond" truecount="2" falsecount="0"/>
        <line num="18" count="5" type="stmt"/>
        <line num="21" count="1" type="stmt"/>
        <line num="23" count="3" type="stmt"/>
      </file>
      <file name="ServiceProvider.ts" path="/Users/ali/Desktop/autofiy/libs/autofiy-service/src/ServiceProvider.ts">
        <metrics statements="14" coveredstatements="14" conditionals="10" coveredconditionals="10" methods="3" coveredmethods="3"/>
        <line num="4" count="2" type="stmt"/>
        <line num="10" count="2" type="stmt"/>
        <line num="15" count="6" type="stmt"/>
        <line num="18" count="2" type="stmt"/>
        <line num="19" count="8" type="cond" truecount="4" falsecount="0"/>
        <line num="21" count="8" type="cond" truecount="2" falsecount="0"/>
        <line num="22" count="3" type="stmt"/>
        <line num="25" count="5" type="cond" truecount="2" falsecount="0"/>
        <line num="26" count="2" type="stmt"/>
        <line num="27" count="2" type="cond" truecount="2" falsecount="0"/>
        <line num="28" count="1" type="stmt"/>
        <line num="32" count="4" type="stmt"/>
        <line num="33" count="4" type="stmt"/>
        <line num="35" count="2" type="stmt"/>
      </file>
    </package>
    <package name="src.__example__">
      <metrics statements="35" coveredstatements="34" conditionals="8" coveredconditionals="6" methods="14" coveredmethods="13"/>
      <file name="DummyAutofiyable.ts" path="/Users/ali/Desktop/autofiy/libs/autofiy-service/src/__example__/DummyAutofiyable.ts">
        <metrics statements="19" coveredstatements="18" conditionals="0" coveredconditionals="0" methods="8" coveredmethods="7"/>
        <line num="1" count="1" type="stmt"/>
        <line num="3" count="1" type="stmt"/>
        <line num="6" count="1" type="stmt"/>
        <line num="9" count="1" type="stmt"/>
        <line num="17" count="2" type="stmt"/>
        <line num="18" count="2" type="stmt"/>
        <line num="19" count="2" type="stmt"/>
        <line num="20" count="2" type="stmt"/>
        <line num="23" count="1" type="stmt"/>
        <line num="24" count="5" type="stmt"/>
        <line num="27" count="2" type="stmt"/>
        <line num="28" count="2" type="stmt"/>
        <line num="29" count="0" type="stmt"/>
        <line num="30" count="2" type="stmt"/>
        <line num="34" count="1" type="stmt"/>
        <line num="35" count="1" type="stmt"/>
        <line num="38" count="1" type="stmt"/>
        <line num="39" count="1" type="stmt"/>
        <line num="42" count="1" type="stmt"/>
      </file>
      <file name="DummyServiceA.ts" path="/Users/ali/Desktop/autofiy/libs/autofiy-service/src/__example__/DummyServiceA.ts">
        <metrics statements="8" coveredstatements="8" conditionals="4" coveredconditionals="3" methods="3" coveredmethods="3"/>
        <line num="2" count="1" type="stmt"/>
        <line num="4" count="1" type="stmt"/>
        <line num="8" count="2" type="cond" truecount="1" falsecount="1"/>
        <line num="9" count="2" type="cond" truecount="2" falsecount="0"/>
        <line num="10" count="2" type="stmt"/>
        <line num="13" count="1" type="stmt"/>
        <line num="14" count="1" type="stmt"/>
        <line num="17" count="1" type="stmt"/>
      </file>
      <file name="DummyServiceB.ts" path="/Users/ali/Desktop/autofiy/libs/autofiy-service/src/__example__/DummyServiceB.ts">
        <metrics statements="8" coveredstatements="8" conditionals="4" coveredconditionals="3" methods="3" coveredmethods="3"/>
        <line num="1" count="1" type="stmt"/>
        <line num="3" count="1" type="stmt"/>
        <line num="7" count="4" type="cond" truecount="1" falsecount="1"/>
        <line num="8" count="2" type="cond" truecount="2" falsecount="0"/>
        <line num="9" count="2" type="stmt"/>
        <line num="12" count="1" type="stmt"/>
        <line num="13" count="1" type="stmt"/>
        <line num="16" count="1" type="stmt"/>
      </file>
    </package>
  </project>
</coverage>
