{"/Users/ali/Desktop/autofiy/libs/autofiy-service/src/Service.ts": {"path":"/Users/ali/Desktop/autofiy/libs/autofiy-service/src/Service.ts","statementMap":{"0":{"start":{"line":10,"column":0},"end":{"line":10,"column":13}},"1":{"start":{"line":15,"column":8},"end":{"line":15,"column":39}},"2":{"start":{"line":18,"column":4},"end":{"line":20,"column":null}},"3":{"start":{"line":19,"column":8},"end":{"line":19,"column":32}},"4":{"start":{"line":22,"column":0},"end":{"line":22,"column":null}},"5":{"start":{"line":10,"column":13},"end":{"line":10,"column":24}}},"fnMap":{"0":{"name":"(anonymous_0)","decl":{"start":{"line":10,"column":0},"end":{"line":10,"column":13}},"loc":{"start":{"line":10,"column":0},"end":{"line":22,"column":null}}},"1":{"name":"ServiceBase","decl":{"start":{"line":14,"column":4},"end":{"line":14,"column":16}},"loc":{"start":{"line":14,"column":31},"end":{"line":16,"column":5}}},"2":{"name":"(anonymous_2)","decl":{"start":{"line":18,"column":4},"end":{"line":18,"column":18}},"loc":{"start":{"line":18,"column":4},"end":{"line":20,"column":5}}}},"branchMap":{},"s":{"0":2,"1":5,"2":2,"3":1,"4":2,"5":2},"f":{"0":2,"1":5,"2":1},"b":{}}
,"/Users/ali/Desktop/autofiy/libs/autofiy-service/src/ServiceDefault.ts": {"path":"/Users/ali/Desktop/autofiy/libs/autofiy-service/src/ServiceDefault.ts","statementMap":{"0":{"start":{"line":5,"column":0},"end":{"line":5,"column":13}},"1":{"start":{"line":10,"column":8},"end":{"line":10,"column":39}},"2":{"start":{"line":13,"column":11},"end":{"line":22,"column":null}},"3":{"start":{"line":14,"column":31},"end":{"line":14,"column":68}},"4":{"start":{"line":15,"column":25},"end":{"line":15,"column":52}},"5":{"start":{"line":17,"column":8},"end":{"line":19,"column":null}},"6":{"start":{"line":18,"column":12},"end":{"line":18,"column":51}},"7":{"start":{"line":21,"column":8},"end":{"line":21,"column":60}},"8":{"start":{"line":23,"column":0},"end":{"line":23,"column":null}},"9":{"start":{"line":5,"column":13},"end":{"line":5,"column":27}}},"fnMap":{"0":{"name":"(anonymous_0)","decl":{"start":{"line":5,"column":0},"end":{"line":5,"column":13}},"loc":{"start":{"line":5,"column":0},"end":{"line":23,"column":null}}},"1":{"name":"ServiceDefault","decl":{"start":{"line":9,"column":4},"end":{"line":9,"column":16}},"loc":{"start":{"line":9,"column":44},"end":{"line":11,"column":5}}},"2":{"name":"(anonymous_2)","decl":{"start":{"line":13,"column":4},"end":{"line":13,"column":11}},"loc":{"start":{"line":13,"column":62},"end":{"line":22,"column":5}}}},"branchMap":{"0":{"loc":{"start":{"line":17,"column":8},"end":{"line":19,"column":null}},"type":"if","locations":[{"start":{"line":17,"column":8},"end":{"line":19,"column":null}},{"start":{"line":17,"column":8},"end":{"line":19,"column":null}}]}},"s":{"0":3,"1":6,"2":3,"3":6,"4":6,"5":6,"6":5,"7":1,"8":3,"9":3},"f":{"0":3,"1":6,"2":6},"b":{"0":[5,1]}}
,"/Users/ali/Desktop/autofiy/libs/autofiy-service/src/ServiceProvider.ts": {"path":"/Users/ali/Desktop/autofiy/libs/autofiy-service/src/ServiceProvider.ts","statementMap":{"0":{"start":{"line":4,"column":0},"end":{"line":4,"column":50}},"1":{"start":{"line":10,"column":0},"end":{"line":10,"column":13}},"2":{"start":{"line":15,"column":8},"end":{"line":15,"column":39}},"3":{"start":{"line":18,"column":4},"end":{"line":34,"column":null}},"4":{"start":{"line":19,"column":27},"end":{"line":19,"column":86}},"5":{"start":{"line":21,"column":8},"end":{"line":23,"column":null}},"6":{"start":{"line":22,"column":12},"end":{"line":22,"column":53}},"7":{"start":{"line":25,"column":8},"end":{"line":30,"column":null}},"8":{"start":{"line":26,"column":28},"end":{"line":26,"column":44}},"9":{"start":{"line":27,"column":12},"end":{"line":29,"column":null}},"10":{"start":{"line":28,"column":16},"end":{"line":28,"column":31}},"11":{"start":{"line":32,"column":31},"end":{"line":32,"column":67}},"12":{"start":{"line":33,"column":8},"end":{"line":33,"column":59}},"13":{"start":{"line":35,"column":0},"end":{"line":35,"column":null}},"14":{"start":{"line":10,"column":13},"end":{"line":10,"column":28}}},"fnMap":{"0":{"name":"(anonymous_0)","decl":{"start":{"line":10,"column":0},"end":{"line":10,"column":13}},"loc":{"start":{"line":10,"column":0},"end":{"line":35,"column":null}}},"1":{"name":"ServiceProvider","decl":{"start":{"line":14,"column":4},"end":{"line":14,"column":16}},"loc":{"start":{"line":14,"column":44},"end":{"line":16,"column":5}}},"2":{"name":"(anonymous_2)","decl":{"start":{"line":18,"column":4},"end":{"line":18,"column":14}},"loc":{"start":{"line":18,"column":93},"end":{"line":34,"column":5}}}},"branchMap":{"0":{"loc":{"start":{"line":19,"column":71},"end":{"line":19,"column":74}},"type":"cond-expr","locations":[{"start":{"line":19,"column":71},"end":{"line":19,"column":74}},{"start":{"line":19,"column":71},"end":{"line":19,"column":86}}]},"1":{"loc":{"start":{"line":19,"column":27},"end":{"line":19,"column":74}},"type":"binary-expr","locations":[{"start":{"line":19,"column":27},"end":{"line":19,"column":74}},{"start":{"line":19,"column":71},"end":{"line":19,"column":74}}]},"2":{"loc":{"start":{"line":21,"column":8},"end":{"line":23,"column":null}},"type":"if","locations":[{"start":{"line":21,"column":8},"end":{"line":23,"column":null}},{"start":{"line":21,"column":8},"end":{"line":23,"column":null}}]},"3":{"loc":{"start":{"line":25,"column":8},"end":{"line":30,"column":null}},"type":"if","locations":[{"start":{"line":25,"column":8},"end":{"line":30,"column":null}},{"start":{"line":25,"column":8},"end":{"line":30,"column":null}}]},"4":{"loc":{"start":{"line":27,"column":12},"end":{"line":29,"column":null}},"type":"if","locations":[{"start":{"line":27,"column":12},"end":{"line":29,"column":null}},{"start":{"line":27,"column":12},"end":{"line":29,"column":null}}]}},"s":{"0":2,"1":2,"2":6,"3":2,"4":8,"5":8,"6":3,"7":5,"8":2,"9":2,"10":1,"11":4,"12":4,"13":2,"14":2},"f":{"0":2,"1":6,"2":8},"b":{"0":[3,5],"1":[8,8],"2":[3,5],"3":[2,3],"4":[1,1]}}
,"/Users/ali/Desktop/autofiy/libs/autofiy-service/src/__example__/DummyAutofiyable.ts": {"path":"/Users/ali/Desktop/autofiy/libs/autofiy-service/src/__example__/DummyAutofiyable.ts","statementMap":{"0":{"start":{"line":1,"column":0},"end":{"line":1,"column":55}},"1":{"start":{"line":3,"column":0},"end":{"line":3,"column":43}},"2":{"start":{"line":6,"column":0},"end":{"line":6,"column":43}},"3":{"start":{"line":9,"column":0},"end":{"line":9,"column":13}},"4":{"start":{"line":17,"column":8},"end":{"line":17,"column":27}},"5":{"start":{"line":18,"column":32},"end":{"line":18,"column":84}},"6":{"start":{"line":19,"column":8},"end":{"line":19,"column":73}},"7":{"start":{"line":20,"column":8},"end":{"line":20,"column":73}},"8":{"start":{"line":23,"column":4},"end":{"line":25,"column":null}},"9":{"start":{"line":24,"column":8},"end":{"line":24,"column":26}},"10":{"start":{"line":27,"column":4},"end":{"line":32,"column":null}},"11":{"start":{"line":27,"column":4},"end":{"line":27,"column":22}},"12":{"start":{"line":28,"column":8},"end":{"line":31,"column":10}},"13":{"start":{"line":29,"column":28},"end":{"line":29,"column":null}},"14":{"start":{"line":30,"column":28},"end":{"line":30,"column":null}},"15":{"start":{"line":34,"column":11},"end":{"line":36,"column":null}},"16":{"start":{"line":35,"column":8},"end":{"line":35,"column":29}},"17":{"start":{"line":38,"column":11},"end":{"line":40,"column":null}},"18":{"start":{"line":39,"column":8},"end":{"line":39,"column":29}},"19":{"start":{"line":42,"column":0},"end":{"line":42,"column":null}},"20":{"start":{"line":9,"column":13},"end":{"line":9,"column":29}}},"fnMap":{"0":{"name":"(anonymous_0)","decl":{"start":{"line":9,"column":0},"end":{"line":9,"column":13}},"loc":{"start":{"line":9,"column":0},"end":{"line":42,"column":null}}},"1":{"name":"DummyAutofiyable","decl":{"start":{"line":16,"column":4},"end":{"line":16,"column":16}},"loc":{"start":{"line":16,"column":33},"end":{"line":21,"column":5}}},"2":{"name":"(anonymous_2)","decl":{"start":{"line":23,"column":4},"end":{"line":23,"column":12}},"loc":{"start":{"line":23,"column":4},"end":{"line":25,"column":5}}},"3":{"name":"(anonymous_3)","decl":{"start":{"line":27,"column":4},"end":{"line":27,"column":22}},"loc":{"start":{"line":27,"column":4},"end":{"line":32,"column":5}}},"4":{"name":"(anonymous_4)","decl":{"start":{"line":29,"column":22},"end":{"line":29,"column":28}},"loc":{"start":{"line":29,"column":22},"end":{"line":29,"column":32}}},"5":{"name":"(anonymous_5)","decl":{"start":{"line":30,"column":22},"end":{"line":30,"column":28}},"loc":{"start":{"line":30,"column":22},"end":{"line":30,"column":32}}},"6":{"name":"(anonymous_6)","decl":{"start":{"line":34,"column":4},"end":{"line":34,"column":11}},"loc":{"start":{"line":34,"column":4},"end":{"line":36,"column":5}}},"7":{"name":"(anonymous_7)","decl":{"start":{"line":38,"column":4},"end":{"line":38,"column":11}},"loc":{"start":{"line":38,"column":4},"end":{"line":40,"column":5}}}},"branchMap":{},"s":{"0":1,"1":1,"2":1,"3":1,"4":2,"5":2,"6":2,"7":2,"8":1,"9":5,"10":1,"11":2,"12":2,"13":0,"14":2,"15":1,"16":1,"17":1,"18":1,"19":1,"20":1},"f":{"0":1,"1":2,"2":5,"3":2,"4":0,"5":2,"6":1,"7":1},"b":{}}
,"/Users/ali/Desktop/autofiy/libs/autofiy-service/src/__example__/DummyServiceA.ts": {"path":"/Users/ali/Desktop/autofiy/libs/autofiy-service/src/__example__/DummyServiceA.ts","statementMap":{"0":{"start":{"line":2,"column":0},"end":{"line":2,"column":43}},"1":{"start":{"line":4,"column":0},"end":{"line":4,"column":59}},"2":{"start":{"line":4,"column":30},"end":{"line":4,"column":41}},"3":{"start":{"line":8,"column":47},"end":{"line":8,"column":null}},"4":{"start":{"line":9,"column":8},"end":{"line":9,"column":null}},"5":{"start":{"line":10,"column":8},"end":{"line":10,"column":27}},"6":{"start":{"line":13,"column":11},"end":{"line":15,"column":null}},"7":{"start":{"line":14,"column":8},"end":{"line":14,"column":26}},"8":{"start":{"line":17,"column":0},"end":{"line":17,"column":null}},"9":{"start":{"line":4,"column":13},"end":{"line":4,"column":21}}},"fnMap":{"0":{"name":"(anonymous_6)","decl":{"start":{"line":4,"column":0},"end":{"line":4,"column":13}},"loc":{"start":{"line":4,"column":0},"end":{"line":17,"column":null}}},"1":{"name":"ServiceA","decl":{"start":{"line":8,"column":4},"end":{"line":8,"column":16}},"loc":{"start":{"line":8,"column":82},"end":{"line":11,"column":5}}},"2":{"name":"(anonymous_8)","decl":{"start":{"line":13,"column":4},"end":{"line":13,"column":11}},"loc":{"start":{"line":13,"column":4},"end":{"line":15,"column":5}}}},"branchMap":{"0":{"loc":{"start":{"line":8,"column":47},"end":{"line":8,"column":null}},"type":"if","locations":[{"start":{"line":8,"column":47},"end":{"line":8,"column":null}},{"start":{"line":8,"column":47},"end":{"line":8,"column":null}}]},"1":{"loc":{"start":{"line":9,"column":8},"end":{"line":9,"column":26}},"type":"binary-expr","locations":[{"start":{"line":9,"column":8},"end":{"line":9,"column":26}},{"start":{"line":9,"column":26},"end":{"line":9,"column":null}}]}},"s":{"0":1,"1":1,"2":1,"3":2,"4":2,"5":2,"6":1,"7":1,"8":1,"9":1},"f":{"0":1,"1":2,"2":1},"b":{"0":[0,2],"1":[2,2]}}
,"/Users/ali/Desktop/autofiy/libs/autofiy-service/src/__example__/DummyServiceB.ts": {"path":"/Users/ali/Desktop/autofiy/libs/autofiy-service/src/__example__/DummyServiceB.ts","statementMap":{"0":{"start":{"line":1,"column":0},"end":{"line":1,"column":43}},"1":{"start":{"line":3,"column":0},"end":{"line":3,"column":null}},"2":{"start":{"line":3,"column":30},"end":{"line":3,"column":41}},"3":{"start":{"line":7,"column":47},"end":{"line":7,"column":null}},"4":{"start":{"line":8,"column":8},"end":{"line":8,"column":null}},"5":{"start":{"line":9,"column":8},"end":{"line":9,"column":27}},"6":{"start":{"line":12,"column":11},"end":{"line":14,"column":null}},"7":{"start":{"line":13,"column":8},"end":{"line":13,"column":26}},"8":{"start":{"line":16,"column":0},"end":{"line":16,"column":null}},"9":{"start":{"line":3,"column":13},"end":{"line":3,"column":21}}},"fnMap":{"0":{"name":"(anonymous_6)","decl":{"start":{"line":3,"column":0},"end":{"line":3,"column":13}},"loc":{"start":{"line":3,"column":0},"end":{"line":16,"column":null}}},"1":{"name":"ServiceB","decl":{"start":{"line":7,"column":4},"end":{"line":7,"column":16}},"loc":{"start":{"line":7,"column":82},"end":{"line":10,"column":5}}},"2":{"name":"(anonymous_8)","decl":{"start":{"line":12,"column":4},"end":{"line":12,"column":11}},"loc":{"start":{"line":12,"column":4},"end":{"line":14,"column":5}}}},"branchMap":{"0":{"loc":{"start":{"line":7,"column":47},"end":{"line":7,"column":null}},"type":"if","locations":[{"start":{"line":7,"column":47},"end":{"line":7,"column":null}},{"start":{"line":7,"column":47},"end":{"line":7,"column":null}}]},"1":{"loc":{"start":{"line":8,"column":8},"end":{"line":8,"column":26}},"type":"binary-expr","locations":[{"start":{"line":8,"column":8},"end":{"line":8,"column":26}},{"start":{"line":8,"column":26},"end":{"line":8,"column":null}}]}},"s":{"0":1,"1":1,"2":1,"3":4,"4":2,"5":2,"6":1,"7":1,"8":1,"9":1},"f":{"0":1,"1":2,"2":1},"b":{"0":[2,0],"1":[2,2]}}
}
