TN:
SF:src/Service.ts
FN:10,(anonymous_0)
FN:14,ServiceBase
FN:18,(anonymous_2)
FNF:3
FNH:3
FNDA:2,(anonymous_0)
FNDA:5,ServiceBase
FNDA:1,(anonymous_2)
DA:10,2
DA:15,5
DA:18,2
DA:19,1
DA:22,2
LF:5
LH:5
BRF:0
BRH:0
end_of_record
TN:
SF:src/ServiceDefault.ts
FN:5,(anonymous_0)
FN:9,ServiceDefault
FN:13,(anonymous_2)
FNF:3
FNH:3
FNDA:3,(anonymous_0)
FNDA:6,ServiceDefault
FNDA:6,(anonymous_2)
DA:5,3
DA:10,6
DA:13,3
DA:14,6
DA:15,6
DA:17,6
DA:18,5
DA:21,1
DA:23,3
LF:9
LH:9
BRDA:17,0,0,5
BRDA:17,0,1,1
BRF:2
BRH:2
end_of_record
TN:
SF:src/ServiceProvider.ts
FN:10,(anonymous_0)
FN:14,ServiceProvider
FN:18,(anonymous_2)
FNF:3
FNH:3
FNDA:2,(anonymous_0)
FNDA:6,ServiceProvider
FNDA:8,(anonymous_2)
DA:4,2
DA:10,2
DA:15,6
DA:18,2
DA:19,8
DA:21,8
DA:22,3
DA:25,5
DA:26,2
DA:27,2
DA:28,1
DA:32,4
DA:33,4
DA:35,2
LF:14
LH:14
BRDA:19,0,0,3
BRDA:19,0,1,5
BRDA:19,1,0,8
BRDA:19,1,1,8
BRDA:21,2,0,3
BRDA:21,2,1,5
BRDA:25,3,0,2
BRDA:25,3,1,3
BRDA:27,4,0,1
BRDA:27,4,1,1
BRF:10
BRH:10
end_of_record
TN:
SF:src/__example__/DummyAutofiyable.ts
FN:9,(anonymous_0)
FN:16,DummyAutofiyable
FN:23,(anonymous_2)
FN:27,(anonymous_3)
FN:29,(anonymous_4)
FN:30,(anonymous_5)
FN:34,(anonymous_6)
FN:38,(anonymous_7)
FNF:8
FNH:7
FNDA:1,(anonymous_0)
FNDA:2,DummyAutofiyable
FNDA:5,(anonymous_2)
FNDA:2,(anonymous_3)
FNDA:0,(anonymous_4)
FNDA:2,(anonymous_5)
FNDA:1,(anonymous_6)
FNDA:1,(anonymous_7)
DA:1,1
DA:3,1
DA:6,1
DA:9,1
DA:17,2
DA:18,2
DA:19,2
DA:20,2
DA:23,1
DA:24,5
DA:27,2
DA:28,2
DA:29,0
DA:30,2
DA:34,1
DA:35,1
DA:38,1
DA:39,1
DA:42,1
LF:19
LH:18
BRF:0
BRH:0
end_of_record
TN:
SF:src/__example__/DummyServiceA.ts
FN:4,(anonymous_6)
FN:8,ServiceA
FN:13,(anonymous_8)
FNF:3
FNH:3
FNDA:1,(anonymous_6)
FNDA:2,ServiceA
FNDA:1,(anonymous_8)
DA:2,1
DA:4,1
DA:8,2
DA:9,2
DA:10,2
DA:13,1
DA:14,1
DA:17,1
LF:8
LH:8
BRDA:8,0,0,0
BRDA:8,0,1,2
BRDA:9,1,0,2
BRDA:9,1,1,2
BRF:4
BRH:3
end_of_record
TN:
SF:src/__example__/DummyServiceB.ts
FN:3,(anonymous_6)
FN:7,ServiceB
FN:12,(anonymous_8)
FNF:3
FNH:3
FNDA:1,(anonymous_6)
FNDA:2,ServiceB
FNDA:1,(anonymous_8)
DA:1,1
DA:3,1
DA:7,4
DA:8,2
DA:9,2
DA:12,1
DA:13,1
DA:16,1
LF:8
LH:8
BRDA:7,0,0,2
BRDA:7,0,1,0
BRDA:8,1,0,2
BRDA:8,1,1,2
BRF:4
BRH:3
end_of_record
